2020-07-15 07:36:41.807  INFO 15992 --- [restartedMain] com.zhanghui.yx.YxApplication            : Starting YxApplication on LAPTOP-4BN0RQ22 with PID 15992 (started by 张辉 in F:\Users\张辉\IdeaProjects\XiangMu\yingx_zhanghui)
2020-07-15 07:36:41.810  INFO 15992 --- [restartedMain] com.zhanghui.yx.YxApplication            : No active profile set, falling back to default profiles: default
2020-07-15 07:36:43.053  INFO 15992 --- [restartedMain] ConfigServletWebServerApplicationContext : Refreshing org.springframework.boot.web.servlet.context.AnnotationConfigServletWebServerApplicationContext@5b794802: startup date [Wed Jul 15 07:36:43 CST 2020]; root of context hierarchy
2020-07-15 07:36:46.211  INFO 15992 --- [restartedMain] .s.d.r.c.RepositoryConfigurationDelegate : Multiple Spring Data modules found, entering strict repository configuration mode!
2020-07-15 07:36:46.390  INFO 15992 --- [restartedMain] .s.d.r.c.RepositoryConfigurationDelegate : Multiple Spring Data modules found, entering strict repository configuration mode!
2020-07-15 07:36:46.420  INFO 15992 --- [restartedMain] .RepositoryConfigurationExtensionSupport : Spring Data Redis - Could not safely identify store assignment for repository candidate interface com.zhanghui.yx.EsDao.VideoRepository.
2020-07-15 07:36:47.097  INFO 15992 --- [restartedMain] trationDelegate$BeanPostProcessorChecker : Bean 'org.springframework.transaction.annotation.ProxyTransactionManagementConfiguration' of type [org.springframework.transaction.annotation.ProxyTransactionManagementConfiguration$$EnhancerBySpringCGLIB$$c659c1ec] is not eligible for getting processed by all BeanPostProcessors (for example: not eligible for auto-proxying)
2020-07-15 07:36:48.580  INFO 15992 --- [restartedMain] o.s.b.w.embedded.tomcat.TomcatWebServer  : Tomcat initialized with port(s): 8888 (http)
2020-07-15 07:36:48.614  INFO 15992 --- [restartedMain] o.apache.catalina.core.StandardService   : Starting service [Tomcat]
2020-07-15 07:36:48.614  INFO 15992 --- [restartedMain] org.apache.catalina.core.StandardEngine  : Starting Servlet Engine: Apache Tomcat/8.5.34
2020-07-15 07:36:48.620  INFO 15992 --- [localhost-startStop-1] o.a.catalina.core.AprLifecycleListener   : The APR based Apache Tomcat Native library which allows optimal performance in production environments was not found on the java.library.path: [E:\Program Files\Java\jdk1.8.0_121\bin;C:\Windows\Sun\Java\bin;C:\Windows\system32;C:\Windows;F:\oraclexe\app\oracle\product\10.2.0\server\bin;C:\Windows\system32;C:\Windows;C:\Windows\System32\Wbem;C:\Windows\System32\WindowsPowerShell\v1.0\;C:\Windows\System32\OpenSSH\;C:\Program Files (x86)\NVIDIA Corporation\PhysX\Common;C:\Program Files\NVIDIA Corporation\NVIDIA NvDLISR;F:\apache-maven-3.5.3\bin;F:\Users\张辉\bin;E:\Program Files\Java\jdk1.8.0_121\bin;E:\Users\张辉\AppData\Local\VanDyke Software\Clients\;.]
2020-07-15 07:36:49.033  INFO 15992 --- [localhost-startStop-1] org.apache.jasper.servlet.TldScanner     : At least one JAR was scanned for TLDs yet contained no TLDs. Enable debug logging for this logger for a complete list of JARs that were scanned but no TLDs were found in them. Skipping unneeded JARs during scanning can improve startup time and JSP compilation time.
2020-07-15 07:36:49.038  INFO 15992 --- [localhost-startStop-1] o.a.c.c.C.[Tomcat].[localhost].[/yingx]  : Initializing Spring embedded WebApplicationContext
2020-07-15 07:36:49.038  INFO 15992 --- [localhost-startStop-1] o.s.web.context.ContextLoader            : Root WebApplicationContext: initialization completed in 5985 ms
2020-07-15 07:36:50.681  INFO 15992 --- [localhost-startStop-1] o.elasticsearch.plugins.PluginsService   : no modules loaded
2020-07-15 07:36:50.682  INFO 15992 --- [localhost-startStop-1] o.elasticsearch.plugins.PluginsService   : loaded plugin [org.elasticsearch.index.reindex.ReindexPlugin]
2020-07-15 07:36:50.682  INFO 15992 --- [localhost-startStop-1] o.elasticsearch.plugins.PluginsService   : loaded plugin [org.elasticsearch.join.ParentJoinPlugin]
2020-07-15 07:36:50.683  INFO 15992 --- [localhost-startStop-1] o.elasticsearch.plugins.PluginsService   : loaded plugin [org.elasticsearch.percolator.PercolatorPlugin]
2020-07-15 07:36:50.683  INFO 15992 --- [localhost-startStop-1] o.elasticsearch.plugins.PluginsService   : loaded plugin [org.elasticsearch.script.mustache.MustachePlugin]
2020-07-15 07:36:50.683  INFO 15992 --- [localhost-startStop-1] o.elasticsearch.plugins.PluginsService   : loaded plugin [org.elasticsearch.transport.Netty4Plugin]
2020-07-15 07:36:52.339  INFO 15992 --- [localhost-startStop-1] o.s.d.e.c.TransportClientFactoryBean     : Adding transport node : 192.168.32.151:9300
2020-07-15 07:36:53.718  INFO 15992 --- [localhost-startStop-1] o.s.b.w.servlet.FilterRegistrationBean   : Mapping filter: 'characterEncodingFilter' to: [/*]
2020-07-15 07:36:53.718  INFO 15992 --- [localhost-startStop-1] o.s.b.w.servlet.FilterRegistrationBean   : Mapping filter: 'webMvcMetricsFilter' to: [/*]
2020-07-15 07:36:53.718  INFO 15992 --- [localhost-startStop-1] o.s.b.w.servlet.FilterRegistrationBean   : Mapping filter: 'hiddenHttpMethodFilter' to: [/*]
2020-07-15 07:36:53.718  INFO 15992 --- [localhost-startStop-1] o.s.b.w.servlet.FilterRegistrationBean   : Mapping filter: 'httpPutFormContentFilter' to: [/*]
2020-07-15 07:36:53.719  INFO 15992 --- [localhost-startStop-1] o.s.b.w.servlet.FilterRegistrationBean   : Mapping filter: 'requestContextFilter' to: [/*]
2020-07-15 07:36:53.719  INFO 15992 --- [localhost-startStop-1] o.s.b.w.servlet.FilterRegistrationBean   : Mapping filter: 'httpTraceFilter' to: [/*]
2020-07-15 07:36:53.719  INFO 15992 --- [localhost-startStop-1] o.s.b.w.servlet.ServletRegistrationBean  : Servlet dispatcherServlet mapped to [/]
2020-07-15 07:36:55.189  INFO 15992 --- [restartedMain] o.s.w.s.handler.SimpleUrlHandlerMapping  : Mapped URL path [/**/favicon.ico] onto handler of type [class org.springframework.web.servlet.resource.ResourceHttpRequestHandler]
2020-07-15 07:36:55.605  INFO 15992 --- [restartedMain] s.w.s.m.m.a.RequestMappingHandlerAdapter : Looking for @ControllerAdvice: org.springframework.boot.web.servlet.context.AnnotationConfigServletWebServerApplicationContext@5b794802: startup date [Wed Jul 15 07:36:43 CST 2020]; root of context hierarchy
2020-07-15 07:36:55.659  INFO 15992 --- [restartedMain] s.w.s.m.m.a.RequestMappingHandlerMapping : Mapped "{[/app/queryAllCategory],methods=[GET]}" onto public com.zhanghui.yx.entity.CommonResult com.zhanghui.yx.app.AppController.queryAllCategory()
2020-07-15 07:36:55.662  INFO 15992 --- [restartedMain] s.w.s.m.m.a.RequestMappingHandlerMapping : Mapped "{[/app/getPhoneCode]}" onto public com.zhanghui.yx.entity.CommonResult com.zhanghui.yx.app.AppController.getPhoneCode(java.lang.String)
2020-07-15 07:36:55.663  INFO 15992 --- [restartedMain] s.w.s.m.m.a.RequestMappingHandlerMapping : Mapped "{[/app/queryByReleaseTime],methods=[GET]}" onto public com.zhanghui.yx.entity.CommonResult com.zhanghui.yx.app.AppController.queryByReleaseTime()
2020-07-15 07:36:55.663  INFO 15992 --- [restartedMain] s.w.s.m.m.a.RequestMappingHandlerMapping : Mapped "{[/app/queryByVideoDetail],methods=[GET]}" onto public com.zhanghui.yx.entity.CommonResult com.zhanghui.yx.app.AppController.queryByVideoDetail(java.lang.String,java.lang.String,java.lang.String)
2020-07-15 07:36:55.663  INFO 15992 --- [restartedMain] s.w.s.m.m.a.RequestMappingHandlerMapping : Mapped "{[/app/queryCateVideoList],methods=[GET]}" onto public com.zhanghui.yx.entity.CommonResult com.zhanghui.yx.app.AppController.queryCateVideoList(java.lang.String)
2020-07-15 07:36:55.663  INFO 15992 --- [restartedMain] s.w.s.m.m.a.RequestMappingHandlerMapping : Mapped "{[/code/captcha],methods=[GET]}" onto public void com.zhanghui.yx.controller.Codecontroller.captcha(javax.servlet.http.HttpServletRequest,javax.servlet.http.HttpServletResponse) throws javax.servlet.ServletException,java.io.IOException
2020-07-15 07:36:55.664  INFO 15992 --- [restartedMain] s.w.s.m.m.a.RequestMappingHandlerMapping : Mapped "{[/Message/authcode_get]}" onto public java.util.HashMap<java.lang.String, java.lang.String> com.zhanghui.yx.controller.MessageController.authcode_get(java.lang.String)
2020-07-15 07:36:55.665  INFO 15992 --- [restartedMain] s.w.s.m.m.a.RequestMappingHandlerMapping : Mapped "{[/yxAdmin/removeSession]}" onto public java.util.Map<java.lang.String, java.lang.String> com.zhanghui.yx.controller.YxAdminController.remove(javax.servlet.http.HttpSession)
2020-07-15 07:36:55.666  INFO 15992 --- [restartedMain] s.w.s.m.m.a.RequestMappingHandlerMapping : Mapped "{[/yxAdmin/login],methods=[GET]}" onto public java.util.Map<java.lang.String, java.lang.String> com.zhanghui.yx.controller.YxAdminController.login(com.zhanghui.yx.entity.YxAdmin,java.lang.String)
2020-07-15 07:36:55.668  INFO 15992 --- [restartedMain] s.w.s.m.m.a.RequestMappingHandlerMapping : Mapped "{[/yxCategory/insert]}" onto public java.util.Map<java.lang.String, java.lang.Object> com.zhanghui.yx.controller.YxCategoryController.insert(com.zhanghui.yx.entity.YxCategory)
2020-07-15 07:36:55.668  INFO 15992 --- [restartedMain] s.w.s.m.m.a.RequestMappingHandlerMapping : Mapped "{[/yxCategory/selectOne],methods=[GET]}" onto public com.zhanghui.yx.entity.YxCategory com.zhanghui.yx.controller.YxCategoryController.selectOne(java.lang.String)
2020-07-15 07:36:55.669  INFO 15992 --- [restartedMain] s.w.s.m.m.a.RequestMappingHandlerMapping : Mapped "{[/yxCategory/queryAllClass]}" onto public java.util.Map<java.lang.String, java.lang.Object> com.zhanghui.yx.controller.YxCategoryController.queryAllClass(java.lang.Integer,java.lang.Integer)
2020-07-15 07:36:55.669  INFO 15992 --- [restartedMain] s.w.s.m.m.a.RequestMappingHandlerMapping : Mapped "{[/yxCategory/deleteById]}" onto public java.util.Map<java.lang.String, java.lang.Object> com.zhanghui.yx.controller.YxCategoryController.deleteById(java.lang.String)
2020-07-15 07:36:55.669  INFO 15992 --- [restartedMain] s.w.s.m.m.a.RequestMappingHandlerMapping : Mapped "{[/yxFeedback/delById]}" onto public java.util.Map<java.lang.String, java.lang.Object> com.zhanghui.yx.controller.YxFeedbackController.delById(java.lang.String)
2020-07-15 07:36:55.670  INFO 15992 --- [restartedMain] s.w.s.m.m.a.RequestMappingHandlerMapping : Mapped "{[/yxFeedback/addFeedBack]}" onto public java.util.Map<java.lang.String, java.lang.Object> com.zhanghui.yx.controller.YxFeedbackController.addFeedBack(com.zhanghui.yx.entity.YxFeedback)
2020-07-15 07:36:55.670  INFO 15992 --- [restartedMain] s.w.s.m.m.a.RequestMappingHandlerMapping : Mapped "{[/yxFeedback/queryAll]}" onto public java.util.Map<java.lang.String, java.lang.Object> com.zhanghui.yx.controller.YxFeedbackController.queryAll(java.lang.Integer,java.lang.Integer)
2020-07-15 07:36:55.670  INFO 15992 --- [restartedMain] s.w.s.m.m.a.RequestMappingHandlerMapping : Mapped "{[/yxGroup/updateGroup]}" onto public java.util.Map<java.lang.String, java.lang.Object> com.zhanghui.yx.controller.YxGroupController.updateGroup(com.zhanghui.yx.entity.YxGroup)
2020-07-15 07:36:55.671  INFO 15992 --- [restartedMain] s.w.s.m.m.a.RequestMappingHandlerMapping : Mapped "{[/yxGroup/delGroupById]}" onto public java.util.Map<java.lang.String, java.lang.Object> com.zhanghui.yx.controller.YxGroupController.delGroupById(java.lang.String)
2020-07-15 07:36:55.671  INFO 15992 --- [restartedMain] s.w.s.m.m.a.RequestMappingHandlerMapping : Mapped "{[/yxGroup/selectOne]}" onto public com.zhanghui.yx.entity.YxGroup com.zhanghui.yx.controller.YxGroupController.selectOne(java.lang.String)
2020-07-15 07:36:55.672  INFO 15992 --- [restartedMain] s.w.s.m.m.a.RequestMappingHandlerMapping : Mapped "{[/yxGroup/queryAll]}" onto public java.util.Map<java.lang.String, java.lang.Object> com.zhanghui.yx.controller.YxGroupController.queryAll(java.lang.Integer,java.lang.Integer)
2020-07-15 07:36:55.672  INFO 15992 --- [restartedMain] s.w.s.m.m.a.RequestMappingHandlerMapping : Mapped "{[/yxGroup/addGroup]}" onto public java.util.Map<java.lang.String, java.lang.Object> com.zhanghui.yx.controller.YxGroupController.addGroup(com.zhanghui.yx.entity.YxGroup)
2020-07-15 07:36:55.673  INFO 15992 --- [restartedMain] s.w.s.m.m.a.RequestMappingHandlerMapping : Mapped "{[/yxLog/delById]}" onto public java.util.Map<java.lang.String, java.lang.Object> com.zhanghui.yx.controller.YxLogController.delById(java.lang.String)
2020-07-15 07:36:55.673  INFO 15992 --- [restartedMain] s.w.s.m.m.a.RequestMappingHandlerMapping : Mapped "{[/yxLog/queryAll]}" onto public java.util.Map<java.lang.String, java.lang.Object> com.zhanghui.yx.controller.YxLogController.queryAll(java.lang.Integer,java.lang.Integer)
2020-07-15 07:36:55.674  INFO 15992 --- [restartedMain] s.w.s.m.m.a.RequestMappingHandlerMapping : Mapped "{[/yxUser/update]}" onto public java.util.Map<java.lang.String, java.lang.Object> com.zhanghui.yx.controller.YxUserController.update(com.zhanghui.yx.entity.YxUser)
2020-07-15 07:36:55.674  INFO 15992 --- [restartedMain] s.w.s.m.m.a.RequestMappingHandlerMapping : Mapped "{[/yxUser/delById]}" onto public java.util.Map<java.lang.String, java.lang.Object> com.zhanghui.yx.controller.YxUserController.delById(java.lang.String)
2020-07-15 07:36:55.674  INFO 15992 --- [restartedMain] s.w.s.m.m.a.RequestMappingHandlerMapping : Mapped "{[/yxUser/upLode]}" onto public java.util.Map<java.lang.String, java.lang.Object> com.zhanghui.yx.controller.YxUserController.upLode(org.springframework.web.multipart.MultipartFile,java.lang.String)
2020-07-15 07:36:55.674  INFO 15992 --- [restartedMain] s.w.s.m.m.a.RequestMappingHandlerMapping : Mapped "{[/yxUser/selectOneGoEasy]}" onto public java.lang.String com.zhanghui.yx.controller.YxUserController.selectOne()
2020-07-15 07:36:55.674  INFO 15992 --- [restartedMain] s.w.s.m.m.a.RequestMappingHandlerMapping : Mapped "{[/yxUser/selectOne],methods=[GET]}" onto public com.zhanghui.yx.entity.YxUser com.zhanghui.yx.controller.YxUserController.selectOne(java.lang.String)
2020-07-15 07:36:55.674  INFO 15992 --- [restartedMain] s.w.s.m.m.a.RequestMappingHandlerMapping : Mapped "{[/yxUser/queryAllUser]}" onto public java.util.Map<java.lang.String, java.lang.Object> com.zhanghui.yx.controller.YxUserController.queryAllUser(java.lang.Integer,java.lang.Integer)
2020-07-15 07:36:55.675  INFO 15992 --- [restartedMain] s.w.s.m.m.a.RequestMappingHandlerMapping : Mapped "{[/yxUser/userInsert]}" onto public java.util.Map<java.lang.String, java.lang.Object> com.zhanghui.yx.controller.YxUserController.userInsert(java.lang.String)
2020-07-15 07:36:55.675  INFO 15992 --- [restartedMain] s.w.s.m.m.a.RequestMappingHandlerMapping : Mapped "{[/yxUser/addUser]}" onto public java.util.Map<java.lang.String, java.lang.Object> com.zhanghui.yx.controller.YxUserController.addUser(com.zhanghui.yx.entity.YxUser)
2020-07-15 07:36:55.676  INFO 15992 --- [restartedMain] s.w.s.m.m.a.RequestMappingHandlerMapping : Mapped "{[/yxUser/selectAllBySexGroupByCity]}" onto public java.util.ArrayList<com.zhanghui.yx.eChartsVO.SexVO> com.zhanghui.yx.controller.YxUserController.selectAllBySexGroupByCity()
2020-07-15 07:36:55.676  INFO 15992 --- [restartedMain] s.w.s.m.m.a.RequestMappingHandlerMapping : Mapped "{[/yxUser/derivedInformation]}" onto public java.util.Map<java.lang.String, java.lang.Object> com.zhanghui.yx.controller.YxUserController.derivedInformation(java.lang.String,java.lang.String) throws java.io.IOException
2020-07-15 07:36:55.676  INFO 15992 --- [restartedMain] s.w.s.m.m.a.RequestMappingHandlerMapping : Mapped "{[/yxUser/selectAllBySexAndCreateDate]}" onto public java.util.List<com.zhanghui.yx.eChartsVO.PushStatVO> com.zhanghui.yx.controller.YxUserController.selectAllBySexAndCreateDate()
2020-07-15 07:36:55.677  INFO 15992 --- [restartedMain] s.w.s.m.m.a.RequestMappingHandlerMapping : Mapped "{[/yxVideo/addVideo],methods=[GET]}" onto public java.util.Map<java.lang.String, java.lang.Object> com.zhanghui.yx.controller.YxVideoController.addVideo(com.zhanghui.yx.entity.YxVideo,java.lang.String)
2020-07-15 07:36:55.678  INFO 15992 --- [restartedMain] s.w.s.m.m.a.RequestMappingHandlerMapping : Mapped "{[/yxVideo/delById]}" onto public java.util.Map<java.lang.String, java.lang.Object> com.zhanghui.yx.controller.YxVideoController.delById(java.lang.String)
2020-07-15 07:36:55.678  INFO 15992 --- [restartedMain] s.w.s.m.m.a.RequestMappingHandlerMapping : Mapped "{[/yxVideo/selectOne],methods=[GET]}" onto public com.zhanghui.yx.entity.YxVideo com.zhanghui.yx.controller.YxVideoController.selectOne(java.lang.String)
2020-07-15 07:36:55.679  INFO 15992 --- [restartedMain] s.w.s.m.m.a.RequestMappingHandlerMapping : Mapped "{[/yxVideo/queryByPage],methods=[GET]}" onto public java.util.Map<java.lang.String, java.lang.Object> com.zhanghui.yx.controller.YxVideoController.queryAllByPage(java.lang.Integer,java.lang.Integer)
2020-07-15 07:36:55.679  INFO 15992 --- [restartedMain] s.w.s.m.m.a.RequestMappingHandlerMapping : Mapped "{[/yxVideo/uplodeVideo]}" onto public java.util.Map<java.lang.String, java.lang.Object> com.zhanghui.yx.controller.YxVideoController.uplodeVideo(org.springframework.web.multipart.MultipartFile,java.lang.String)
2020-07-15 07:36:55.679  INFO 15992 --- [restartedMain] s.w.s.m.m.a.RequestMappingHandlerMapping : Mapped "{[/yxVideo/searchByName],methods=[POST]}" onto public java.util.List<com.zhanghui.yx.entity.YxVideo> com.zhanghui.yx.controller.YxVideoController.searchByName(com.zhanghui.yx.EsDao.TPoemEs)
2020-07-15 07:36:55.679  INFO 15992 --- [restartedMain] s.w.s.m.m.a.RequestMappingHandlerMapping : Mapped "{[/yxVideo/upDateVideo]}" onto public java.util.Map<java.lang.String, java.lang.Object> com.zhanghui.yx.controller.YxVideoController.upDateVideo(com.zhanghui.yx.entity.YxVideo)
2020-07-15 07:36:55.679  INFO 15992 --- [restartedMain] s.w.s.m.m.a.RequestMappingHandlerMapping : Mapped "{[/yxVideo/highlightingQuery],methods=[POST]}" onto public java.util.List<com.zhanghui.yx.entity.YxVideo> com.zhanghui.yx.controller.YxVideoController.highlightingQuery(com.zhanghui.yx.EsDao.TPoemEs)
2020-07-15 07:36:55.681  INFO 15992 --- [restartedMain] s.w.s.m.m.a.RequestMappingHandlerMapping : Mapped "{[/error]}" onto public org.springframework.http.ResponseEntity<java.util.Map<java.lang.String, java.lang.Object>> org.springframework.boot.autoconfigure.web.servlet.error.BasicErrorController.error(javax.servlet.http.HttpServletRequest)
2020-07-15 07:36:55.682  INFO 15992 --- [restartedMain] s.w.s.m.m.a.RequestMappingHandlerMapping : Mapped "{[/error],produces=[text/html]}" onto public org.springframework.web.servlet.ModelAndView org.springframework.boot.autoconfigure.web.servlet.error.BasicErrorController.errorHtml(javax.servlet.http.HttpServletRequest,javax.servlet.http.HttpServletResponse)
2020-07-15 07:36:55.715  INFO 15992 --- [restartedMain] o.s.w.s.handler.SimpleUrlHandlerMapping  : Mapped URL path [/webjars/**] onto handler of type [class org.springframework.web.servlet.resource.ResourceHttpRequestHandler]
2020-07-15 07:36:55.716  INFO 15992 --- [restartedMain] o.s.w.s.handler.SimpleUrlHandlerMapping  : Mapped URL path [/**] onto handler of type [class org.springframework.web.servlet.resource.ResourceHttpRequestHandler]
2020-07-15 07:36:55.791  INFO 15992 --- [restartedMain] o.s.b.a.w.s.WelcomePageHandlerMapping    : Adding welcome page template: index
2020-07-15 07:36:56.631  INFO 15992 --- [restartedMain] o.s.b.d.a.OptionalLiveReloadServer       : LiveReload server is running on port 35729
2020-07-15 07:36:56.647  INFO 15992 --- [restartedMain] o.s.b.a.e.web.EndpointLinksResolver      : Exposing 2 endpoint(s) beneath base path '/actuator'
2020-07-15 07:36:56.658  INFO 15992 --- [restartedMain] s.b.a.e.w.s.WebMvcEndpointHandlerMapping : Mapped "{[/actuator/health],methods=[GET],produces=[application/vnd.spring-boot.actuator.v2+json || application/json]}" onto public java.lang.Object org.springframework.boot.actuate.endpoint.web.servlet.AbstractWebMvcEndpointHandlerMapping$OperationHandler.handle(javax.servlet.http.HttpServletRequest,java.util.Map<java.lang.String, java.lang.String>)
2020-07-15 07:36:56.659  INFO 15992 --- [restartedMain] s.b.a.e.w.s.WebMvcEndpointHandlerMapping : Mapped "{[/actuator/info],methods=[GET],produces=[application/vnd.spring-boot.actuator.v2+json || application/json]}" onto public java.lang.Object org.springframework.boot.actuate.endpoint.web.servlet.AbstractWebMvcEndpointHandlerMapping$OperationHandler.handle(javax.servlet.http.HttpServletRequest,java.util.Map<java.lang.String, java.lang.String>)
2020-07-15 07:36:56.661  INFO 15992 --- [restartedMain] s.b.a.e.w.s.WebMvcEndpointHandlerMapping : Mapped "{[/actuator],methods=[GET],produces=[application/vnd.spring-boot.actuator.v2+json || application/json]}" onto protected java.util.Map<java.lang.String, java.util.Map<java.lang.String, org.springframework.boot.actuate.endpoint.web.Link>> org.springframework.boot.actuate.endpoint.web.servlet.WebMvcEndpointHandlerMapping.links(javax.servlet.http.HttpServletRequest,javax.servlet.http.HttpServletResponse)
2020-07-15 07:36:56.773  INFO 15992 --- [restartedMain] o.s.j.e.a.AnnotationMBeanExporter        : Registering beans for JMX exposure on startup
2020-07-15 07:36:56.774  INFO 15992 --- [restartedMain] o.s.j.e.a.AnnotationMBeanExporter        : Bean with name 'dataSource' has been autodetected for JMX exposure
2020-07-15 07:36:56.780  INFO 15992 --- [restartedMain] o.s.j.e.a.AnnotationMBeanExporter        : Located MBean 'dataSource': registering with JMX server as MBean [com.alibaba.druid.pool:name=dataSource,type=DruidDataSource]
2020-07-15 07:36:56.870  INFO 15992 --- [restartedMain] o.s.b.w.embedded.tomcat.TomcatWebServer  : Tomcat started on port(s): 8888 (http) with context path '/yingx'
2020-07-15 07:36:56.873  INFO 15992 --- [restartedMain] com.zhanghui.yx.YxApplication            : Started YxApplication in 16.092 seconds (JVM running for 19.772)
2020-07-15 07:36:57.591  INFO 15992 --- [RMI TCP Connection(4)-192.168.32.1] o.a.c.c.C.[Tomcat].[localhost].[/yingx]  : Initializing Spring FrameworkServlet 'dispatcherServlet'
2020-07-15 07:36:57.591  INFO 15992 --- [RMI TCP Connection(4)-192.168.32.1] o.s.web.servlet.DispatcherServlet        : FrameworkServlet 'dispatcherServlet': initialization started
2020-07-15 07:36:57.636  INFO 15992 --- [RMI TCP Connection(4)-192.168.32.1] o.s.web.servlet.DispatcherServlet        : FrameworkServlet 'dispatcherServlet': initialization completed in 45 ms
2020-07-15 07:36:57.842  INFO 15992 --- [RMI TCP Connection(3)-192.168.32.1] com.alibaba.druid.pool.DruidDataSource   : {dataSource-1} inited
2020-07-15 07:37:05.481  INFO 15992 --- [http-nio-8888-exec-1] com.zhanghui.yx.EsDao.EsUtile            : 传过来的对象为：TPoemEs(index=yxvideo, _type=video, type=title, typevalue=)
2020-07-15 07:37:05.509  INFO 15992 --- [http-nio-8888-exec-1] com.zhanghui.yx.EsDao.EsUtile            : 1.-------------------------------按作者开始查询----------------------
2020-07-15 07:37:08.689  INFO 15992 --- [http-nio-8888-exec-2] com.zhanghui.yx.EsDao.EsUtile            : 传过来的对象为：TPoemEs(index=yxvideo, _type=video, type=title, typevalue=仲夏)
2020-07-15 07:37:08.689  INFO 15992 --- [http-nio-8888-exec-2] com.zhanghui.yx.EsDao.EsUtile            : 1.-------------------------------按作者开始查询----------------------
2020-07-15 07:37:14.900  INFO 15992 --- [http-nio-8888-exec-3] com.zhanghui.yx.EsDao.EsUtile            : 传过来的对象为：TPoemEs(index=yxvideo, _type=video, type=title, typevalue=珍惜)
2020-07-15 07:37:14.901  INFO 15992 --- [http-nio-8888-exec-3] com.zhanghui.yx.EsDao.EsUtile            : 1.-------------------------------按作者开始查询----------------------
2020-07-15 09:17:27.835  INFO 15992 --- [http-nio-8888-exec-5] com.zhanghui.yx.EsDao.EsUtile            : 传过来的对象为：TPoemEs(index=yxvideo, _type=video, type=title, typevalue=仲夏)
2020-07-15 09:17:27.838  INFO 15992 --- [http-nio-8888-exec-5] com.zhanghui.yx.EsDao.EsUtile            : 1.-------------------------------按作者开始查询----------------------
2020-07-15 09:17:36.140  INFO 15992 --- [http-nio-8888-exec-6] com.zhanghui.yx.EsDao.EsUtile            : 传过来的对象为：TPoemEs(index=yxvideo, _type=video, type=title, typevalue=珍惜)
2020-07-15 09:17:36.141  INFO 15992 --- [http-nio-8888-exec-6] com.zhanghui.yx.EsDao.EsUtile            : 1.-------------------------------按作者开始查询----------------------
